[+] Containers:
 |- [+] Container: /Game/ThirdPerson/Maps/ThirdPersonMap
 |   |- [+] ActorDescs:
 |   |   |- Guid:04F6C493479BF3618AD97CA409802221 BaseClass: NativeClass:/Script/Engine.StaticMeshActor Name:StaticMeshActor_UAID_D8BBC18A605A78A301_1420653412 Label:bush_white2 SpatiallyLoaded:1 Bounds:IsValid=true, Min=(X=1370.000 Y=1440.000 Z=0.000), Max=(X=1660.000 Y=1700.000 Z=270.000) RuntimeGrid:None EditorOnly:0 RuntimeOnly:0 HLODRelevant:1 FolderPath:StaticMesh FolderGuid:FC7147CD412ED572146E538F772DB221
 |   |   |- Guid:05CCE48241A50128D69A3C8F23B6FA9F BaseClass: NativeClass:/Script/Engine.StaticMeshActor Name:StaticMeshActor_UAID_D8BBC18A605A77A301_1288152231 Label:bush_white SpatiallyLoaded:1 Bounds:IsValid=true, Min=(X=1294.800 Y=1223.600 Z=0.000), Max=(X=1503.600 Y=1410.800 Z=194.400) RuntimeGrid:None EditorOnly:0 RuntimeOnly:0 HLODRelevant:1 FolderPath:StaticMesh FolderGuid:FC7147CD412ED572146E538F772DB221
 |   |   |- Guid:07F6757E45239DD995C50A9A521E2C71 BaseClass: NativeClass:/Script/Engine.StaticMeshActor Name:StaticMeshActor_UAID_D8BBC18A605A75A301_1719340891 Label:tile10 SpatiallyLoaded:1 Bounds:IsValid=true, Min=(X=1990.000 Y=1070.000 Z=-9.000), Max=(X=2390.000 Y=1470.000 Z=1.000) RuntimeGrid:None EditorOnly:0 RuntimeOnly:0 HLODRelevant:1 FolderPath:StaticMesh/Path FolderGuid:1961297741CC7163FA796786E7EE7648
 |   |   |- Guid:11636B154B9650945C9A25B206406C75 BaseClass: NativeClass:/Script/Engine.StaticMeshActor Name:StaticMeshActor_UAID_D8BBC18A605A74A301_1632562704 Label:leaftree SpatiallyLoaded:1 Bounds:IsValid=true, Min=(X=316.550 Y=802.450 Z=0.000), Max=(X=640.500 Y=1160.500 Z=545.600) RuntimeGrid:None EditorOnly:0 RuntimeOnly:0 HLODRelevant:1 FolderPath:StaticMesh FolderGuid:FC7147CD412ED572146E538F772DB221
 |   |   |- Guid:16CCDCED46D1315F80C522B749D44BB2 BaseClass: NativeClass:/Script/Engine.StaticMeshActor Name:StaticMeshActor_UAID_D8BBC18A605A76A301_1275293071 Label:leaftree4 SpatiallyLoaded:1 Bounds:IsValid=true, Min=(X=-106.200 Y=-222.000 Z=0.000), Max=(X=612.000 Y=427.800 Z=1094.400) RuntimeGrid:None EditorOnly:0 RuntimeOnly:0 HLODRelevant:1 FolderPath:StaticMesh FolderGuid:FC7147CD412ED572146E538F772DB221
 |   |   |- Guid:18E3E6594D91E6E380531E9FBF077618 BaseClass: NativeClass:/Script/Engine.StaticMeshActor Name:StaticMeshActor_UAID_D8BBC18A605A75A301_1663276884 Label:tile3 SpatiallyLoaded:1 Bounds:IsValid=true, Min=(X=850.000 Y=310.000 Z=-9.000), Max=(X=1250.000 Y=710.000 Z=1.000) RuntimeGrid:None EditorOnly:0 RuntimeOnly:0 HLODRelevant:1 FolderPath:StaticMesh/Path FolderGuid:1961297741CC7163FA796786E7EE7648
 |   |   |- Guid:1E2741164AAA57FEC3F858A8AF0C1040 BaseClass: NativeClass:/Script/Engine.StaticMeshActor Name:StaticMeshActor_UAID_D8BBC18A605A74A301_1652483705 Label:leaftree2 SpatiallyLoaded:1 Bounds:IsValid=true, Min=(X=573.750 Y=703.375 Z=0.000), Max=(X=1195.875 Y=1266.250 Z=948.000) RuntimeGrid:None EditorOnly:0 RuntimeOnly:0 HLODRelevant:1 FolderPath:StaticMesh FolderGuid:FC7147CD412ED572146E538F772DB221
 |   |   |- Guid:1EEF6AA34C3664F9DAE80C82155925F3 BaseClass: NativeClass:/Script/Engine.StaticMeshActor Name:StaticMeshActor_UAID_D8BBC18A605A76A301_1268617070 Label:rock4 SpatiallyLoaded:1 Bounds:IsValid=true, Min=(X=458.545 Y=-19.312 Z=-0.643), Max=(X=608.145 Y=130.288 Z=92.857) RuntimeGrid:None EditorOnly:0 RuntimeOnly:0 HLODRelevant:1 FolderPath:StaticMesh FolderGuid:FC7147CD412ED572146E538F772DB221
 |   |   |- Guid:2C57B3CE460D34915E3E488F63F4D13D BaseClass: NativeClass:/Script/Engine.StaticMeshActor Name:StaticMeshActor_UAID_D8BBC18A605A77A301_1301283232 Label:bush_purple SpatiallyLoaded:1 Bounds:IsValid=true, Min=(X=249.150 Y=1123.700 Z=0.000), Max=(X=407.200 Y=1265.400 Z=147.150) RuntimeGrid:None EditorOnly:0 RuntimeOnly:0 HLODRelevant:1 FolderPath:StaticMesh FolderGuid:FC7147CD412ED572146E538F772DB221
 |   |   |- Guid:2FB58999456391D349DC0F86DAC136ED BaseClass: NativeClass:/Script/Engine.SkyLight Name:SkyLight_1 Label:SkyLight SpatiallyLoaded:0 Bounds:IsValid=true, Min=(X=0.000 Y=0.000 Z=690.000), Max=(X=0.000 Y=0.000 Z=690.000) RuntimeGrid:None EditorOnly:0 RuntimeOnly:0 HLODRelevant:0 FolderPath:Lighting FolderGuid:963EC3EB4002CCE9759E2EBA541A873A
 |   |   |- Guid:316CF2A6494ACA4C0E4180A87D36AB8F BaseClass: NativeClass:/Script/Engine.ExponentialHeightFog Name:ExponentialHeightFog_0 Label:ExponentialHeightFog SpatiallyLoaded:0 Bounds:IsValid=true, Min=(X=-5600.000 Y=-50.000 Z=-6850.000), Max=(X=-5600.000 Y=-50.000 Z=-6850.000) RuntimeGrid:None EditorOnly:0 RuntimeOnly:0 HLODRelevant:0 FolderPath:Lighting FolderGuid:963EC3EB4002CCE9759E2EBA541A873A
 |   |   |- Guid:3A00AA1C422CE54C0BDB60BAF471BFBB BaseClass: NativeClass:/Script/Engine.PlayerStart Name:PlayerStart_0 Label:PlayerStart SpatiallyLoaded:0 Bounds:IsValid=true, Min=(X=258.334 Y=471.753 Z=4.297), Max=(X=338.334 Y=551.753 Z=188.297) RuntimeGrid:None EditorOnly:0 RuntimeOnly:0 HLODRelevant:0
 |   |   |- Guid:3EC5A5BC4CB64D61F4BCB3A9DEBBB802 BaseClass: NativeClass:/Script/Engine.StaticMeshActor Name:StaticMeshActor_UAID_D8BBC18A605A75A301_1671914886 Label:tile5 SpatiallyLoaded:1 Bounds:IsValid=true, Min=(X=1610.000 Y=310.000 Z=-9.000), Max=(X=2010.000 Y=710.000 Z=1.000) RuntimeGrid:None EditorOnly:0 RuntimeOnly:0 HLODRelevant:1 FolderPath:StaticMesh/Path FolderGuid:1961297741CC7163FA796786E7EE7648
 |   |   |- Guid:4D3BE93F4146AAAC8BBE79999D96D57F BaseClass: NativeClass:/Script/Engine.VolumetricCloud Name:VolumetricCloud_0 Label:VolumetricCloud SpatiallyLoaded:0 Bounds:IsValid=true, Min=(X=0.000 Y=0.000 Z=820.000), Max=(X=0.000 Y=0.000 Z=820.000) RuntimeGrid:None EditorOnly:0 RuntimeOnly:0 HLODRelevant:0 FolderPath:Lighting FolderGuid:963EC3EB4002CCE9759E2EBA541A873A
 |   |   |- Guid:5D25286D4C00B7CB17337083417F3569 BaseClass: NativeClass:/Script/Engine.StaticMeshActor Name:StaticMeshActor_UAID_D8BBC18A605A78A301_1361595411 Label:pond SpatiallyLoaded:1 Bounds:IsValid=true, Min=(X=1217.500 Y=812.500 Z=0.000), Max=(X=1930.000 Y=1532.500 Z=150.000) RuntimeGrid:None EditorOnly:0 RuntimeOnly:0 HLODRelevant:1
 |   |   |- Guid:6B59B3874CA66BA9678D758AA665999E BaseClass: NativeClass:/Script/Engine.StaticMeshActor Name:StaticMeshActor_UAID_D8BBC18A605A74A301_1676765706 Label:leaftree3 SpatiallyLoaded:1 Bounds:IsValid=true, Min=(X=592.450 Y=-40.500 Z=0.000), Max=(X=950.500 Y=283.450 Z=545.600) RuntimeGrid:None EditorOnly:0 RuntimeOnly:0 HLODRelevant:1 FolderPath:StaticMesh FolderGuid:FC7147CD412ED572146E538F772DB221
 |   |   |- Guid:6BAF4DDD444C60371492D3919DB42C97 BaseClass: NativeClass:/Script/Engine.WorldDataLayers Name:WorldDataLayers Label:WorldDataLayers SpatiallyLoaded:0 Bounds:IsValid=true, Min=(X=0.000 Y=0.000 Z=0.000), Max=(X=0.000 Y=0.000 Z=0.000) RuntimeGrid:None EditorOnly:0 RuntimeOnly:0 HLODRelevant:0
 |   |   |- Guid:789A00834BBBC99C4931E4B150EAE82F BaseClass: NativeClass:/Script/Engine.StaticMeshActor Name:StaticMeshActor_UAID_D8BBC18A605A75A301_1731042893 Label:tile12 SpatiallyLoaded:1 Bounds:IsValid=true, Min=(X=1990.000 Y=1830.000 Z=-9.000), Max=(X=2390.000 Y=2230.000 Z=1.000) RuntimeGrid:None EditorOnly:0 RuntimeOnly:0 HLODRelevant:1 FolderPath:StaticMesh/Path FolderGuid:1961297741CC7163FA796786E7EE7648
 |   |   |- Guid:79C9FFD0438ECC4DBDB805AAF2609B41 BaseClass: NativeClass:/Script/Engine.StaticMeshActor Name:StaticMeshActor_UAID_D8BBC18A605A75A301_1540988881 Label:rock3 SpatiallyLoaded:1 Bounds:IsValid=true, Min=(X=219.000 Y=1259.000 Z=0.000), Max=(X=1621.000 Y=2661.000 Z=876.250) RuntimeGrid:None EditorOnly:0 RuntimeOnly:0 HLODRelevant:1 FolderPath:StaticMesh FolderGuid:FC7147CD412ED572146E538F772DB221
 |   |   |- Guid:7EEDD50345FF0C11A09591B3C81F365F BaseClass: NativeClass:/Script/Engine.StaticMeshActor Name:StaticMeshActor_UAID_D8BBC18A605A75A301_1652294883 Label:tile2 SpatiallyLoaded:1 Bounds:IsValid=true, Min=(X=470.000 Y=310.000 Z=-9.000), Max=(X=870.000 Y=710.000 Z=1.000) RuntimeGrid:None EditorOnly:0 RuntimeOnly:0 HLODRelevant:1 FolderPath:StaticMesh/Path FolderGuid:1961297741CC7163FA796786E7EE7648
 |   |   |- Guid:7F2BF906465C87B5EBC5A693C06981BD BaseClass: NativeClass:/Script/Engine.StaticMeshActor Name:StaticMeshActor_UAID_D8BBC18A605A77A301_1315118233 Label:bush_purple2 SpatiallyLoaded:1 Bounds:IsValid=true, Min=(X=201.700 Y=1192.600 Z=0.000), Max=(X=465.600 Y=1429.200 Z=245.700) RuntimeGrid:None EditorOnly:0 RuntimeOnly:0 HLODRelevant:1 FolderPath:StaticMesh FolderGuid:FC7147CD412ED572146E538F772DB221
 |   |   |- Guid:80958CCC41891E97065E8B98DD2B7E0F BaseClass: NativeClass:/Script/Engine.StaticMeshActor Name:StaticMeshActor_UAID_D8BBC18A605A77A301_1355233234 Label:bush_purple3 SpatiallyLoaded:1 Bounds:IsValid=true, Min=(X=359.150 Y=1253.700 Z=0.000), Max=(X=517.200 Y=1395.400 Z=147.150) RuntimeGrid:None EditorOnly:0 RuntimeOnly:0 HLODRelevant:1 FolderPath:StaticMesh FolderGuid:FC7147CD412ED572146E538F772DB221
 |   |   |- Guid:8695DC764C2F4880DB0571B1A20A3987 BaseClass: NativeClass:/Script/Engine.StaticMeshActor Name:StaticMeshActor_UAID_D8BBC18A605A23A301_1862847448 Label:ground SpatiallyLoaded:1 Bounds:IsValid=true, Min=(X=90.000 Y=-70.000 Z=-490.000), Max=(X=2890.000 Y=2730.000 Z=-0.000) RuntimeGrid:None EditorOnly:0 RuntimeOnly:0 HLODRelevant:1 FolderPath:StaticMesh FolderGuid:FC7147CD412ED572146E538F772DB221
 |   |   |- Guid:9E3CFAEA452AD567B60E13BEA46B5FC1 BaseClass: NativeClass:/Script/Engine.StaticMeshActor Name:StaticMeshActor_UAID_D8BBC18A605A75A301_1686425888 Label:tile7 SpatiallyLoaded:1 Bounds:IsValid=true, Min=(X=1990.000 Y=690.000 Z=-9.000), Max=(X=2390.000 Y=1090.000 Z=1.000) RuntimeGrid:None EditorOnly:0 RuntimeOnly:0 HLODRelevant:1 FolderPath:StaticMesh/Path FolderGuid:1961297741CC7163FA796786E7EE7648
 |   |   |- Guid:B019F05947259B22BB5BE4BE4F00699C BaseClass: NativeClass:/Script/Engine.StaticMeshActor Name:StaticMeshActor_UAID_D8BBC18A605A75A301_1524266879 Label:rock SpatiallyLoaded:1 Bounds:IsValid=true, Min=(X=650.000 Y=840.000 Z=0.000), Max=(X=730.000 Y=920.000 Z=50.000) RuntimeGrid:None EditorOnly:0 RuntimeOnly:0 HLODRelevant:1 FolderPath:StaticMesh FolderGuid:FC7147CD412ED572146E538F772DB221
 |   |   |- Guid:B6D3B7BB428B9CAE40621C89F1E99D56 BaseClass: NativeClass:/Script/Engine.StaticMeshActor Name:StaticMeshActor_UAID_D8BBC18A605A75A301_1618368882 Label:tile SpatiallyLoaded:1 Bounds:IsValid=true, Min=(X=90.000 Y=310.000 Z=-9.000), Max=(X=490.000 Y=710.000 Z=1.000) RuntimeGrid:None EditorOnly:0 RuntimeOnly:0 HLODRelevant:1 FolderPath:StaticMesh/Path FolderGuid:1961297741CC7163FA796786E7EE7648
 |   |   |- Guid:B785ED2844B84CFB91E7F39FE661CD99 BaseClass: NativeClass:/Script/Engine.DirectionalLight Name:DirectionalLight_0 Label:DirectionalLight SpatiallyLoaded:0 Bounds:IsValid=true, Min=(X=-1048576.000 Y=-1048576.000 Z=-1048576.000), Max=(X=1048576.000 Y=1048576.000 Z=1048576.000) RuntimeGrid:None EditorOnly:0 RuntimeOnly:0 HLODRelevant:0 FolderPath:Lighting FolderGuid:963EC3EB4002CCE9759E2EBA541A873A
 |   |   |- Guid:C0E9F0044AD6043F0ACA56929C90436B BaseClass: NativeClass:/Script/Engine.StaticMeshActor Name:StaticMeshActor_UAID_D8BBC18A605A75A301_1686426889 Label:tile8 SpatiallyLoaded:1 Bounds:IsValid=true, Min=(X=1990.000 Y=310.000 Z=-9.000), Max=(X=2390.000 Y=710.000 Z=1.000) RuntimeGrid:None EditorOnly:0 RuntimeOnly:0 HLODRelevant:1 FolderPath:StaticMesh/Path FolderGuid:1961297741CC7163FA796786E7EE7648
 |   |   |- Guid:CCFF262C46EEFFDF319E7F9539CE697E BaseClass: NativeClass:/Script/Engine.SkyAtmosphere Name:SkyAtmosphere_0 Label:SkyAtmosphere SpatiallyLoaded:0 Bounds:IsValid=true, Min=(X=0.000 Y=0.000 Z=1020.000), Max=(X=0.000 Y=0.000 Z=1020.000) RuntimeGrid:None EditorOnly:0 RuntimeOnly:0 HLODRelevant:0 FolderPath:Lighting FolderGuid:963EC3EB4002CCE9759E2EBA541A873A
 |   |   |- Guid:E8E94470462E5816B3BB5DB69249B1F8 BaseClass: NativeClass:/Script/Engine.StaticMeshActor Name:StaticMeshActor_UAID_D8BBC18A605A75A301_1671915887 Label:tile6 SpatiallyLoaded:1 Bounds:IsValid=true, Min=(X=1990.000 Y=310.000 Z=-9.000), Max=(X=2390.000 Y=710.000 Z=1.000) RuntimeGrid:None EditorOnly:0 RuntimeOnly:0 HLODRelevant:1 FolderPath:StaticMesh/Path FolderGuid:1961297741CC7163FA796786E7EE7648
 |   |   |- Guid:EC4E0C944CE6AC6E784BC6BB2916EA13 BaseClass: NativeClass:/Script/Engine.StaticMeshActor Name:StaticMeshActor_UAID_A4AE111137DC5EFB00_1110535423 Label:SM_SkySphere SpatiallyLoaded:0 Bounds:IsValid=true, Min=(X=-1638400.000 Y=-1638400.000 Z=-1638400.000), Max=(X=1638400.000 Y=1638400.000 Z=1638400.000) RuntimeGrid:None EditorOnly:0 RuntimeOnly:0 HLODRelevant:1 FolderPath:Lighting FolderGuid:963EC3EB4002CCE9759E2EBA541A873A
 |   |   |- Guid:F06C81FF47D05FB92ADCEA870353954C BaseClass: NativeClass:/Script/Engine.StaticMeshActor Name:StaticMeshActor_UAID_D8BBC18A605A74A301_1612355703 Label:chr_knight SpatiallyLoaded:1 Bounds:IsValid=true, Min=(X=525.596 Y=684.112 Z=0.000), Max=(X=702.581 Y=873.423 Z=150.000) RuntimeGrid:None EditorOnly:0 RuntimeOnly:0 HLODRelevant:1 FolderPath:StaticMesh FolderGuid:FC7147CD412ED572146E538F772DB221
 |   |   |- Guid:F0F7C0C94AA7EA34E7EEEDA1E270D00F BaseClass: NativeClass:/Script/Engine.StaticMeshActor Name:StaticMeshActor_UAID_D8BBC18A605A75A301_1663277885 Label:tile4 SpatiallyLoaded:1 Bounds:IsValid=true, Min=(X=1230.000 Y=310.000 Z=-9.000), Max=(X=1630.000 Y=710.000 Z=1.000) RuntimeGrid:None EditorOnly:0 RuntimeOnly:0 HLODRelevant:1 FolderPath:StaticMesh/Path FolderGuid:1961297741CC7163FA796786E7EE7648
 |   |   |- Guid:F5E3FEB3450C49844FD93DA8E083C8AD BaseClass: NativeClass:/Script/Engine.PostProcessVolume Name:PostProcessVolume_0 Label:PostProcessVolume SpatiallyLoaded:0 Bounds:IsValid=true, Min=(X=0.000 Y=0.000 Z=400.000), Max=(X=200.000 Y=200.000 Z=600.000) RuntimeGrid:None EditorOnly:0 RuntimeOnly:0 HLODRelevant:0 FolderPath:Lighting FolderGuid:963EC3EB4002CCE9759E2EBA541A873A
 |   |   |- Guid:FAEC3E0B48D26054A7EDFCA2BAB9549D BaseClass: NativeClass:/Script/Engine.StaticMeshActor Name:StaticMeshActor_UAID_D8BBC18A605A75A301_1529994880 Label:rock2 SpatiallyLoaded:1 Bounds:IsValid=true, Min=(X=178.545 Y=1000.688 Z=-0.643), Max=(X=328.145 Y=1150.288 Z=92.857) RuntimeGrid:None EditorOnly:0 RuntimeOnly:0 HLODRelevant:1 FolderPath:StaticMesh FolderGuid:FC7147CD412ED572146E538F772DB221
 |   |   |- Guid:FB8934044FAACBAA033B27AFF4274D1C BaseClass: NativeClass:/Script/Engine.StaticMeshActor Name:StaticMeshActor_UAID_D8BBC18A605A75A301_1719340890 Label:tile9 SpatiallyLoaded:1 Bounds:IsValid=true, Min=(X=1990.000 Y=1450.000 Z=-9.000), Max=(X=2390.000 Y=1850.000 Z=1.000) RuntimeGrid:None EditorOnly:0 RuntimeOnly:0 HLODRelevant:1 FolderPath:StaticMesh/Path FolderGuid:1961297741CC7163FA796786E7EE7648
 |   |- [+] Clusters:
 |   |   |- [+] [  0]
 |   |   |   |- Guid:6BAF4DDD444C60371492D3919DB42C97 BaseClass: NativeClass:/Script/Engine.WorldDataLayers Name:WorldDataLayers Label:WorldDataLayers SpatiallyLoaded:0 Bounds:IsValid=true, Min=(X=0.000 Y=0.000 Z=0.000), Max=(X=0.000 Y=0.000 Z=0.000) RuntimeGrid:None EditorOnly:0 RuntimeOnly:0 HLODRelevant:0
 |   |   |- [+] [  1]
 |   |   |   |- Guid:1EEF6AA34C3664F9DAE80C82155925F3 BaseClass: NativeClass:/Script/Engine.StaticMeshActor Name:StaticMeshActor_UAID_D8BBC18A605A76A301_1268617070 Label:rock4 SpatiallyLoaded:1 Bounds:IsValid=true, Min=(X=458.545 Y=-19.312 Z=-0.643), Max=(X=608.145 Y=130.288 Z=92.857) RuntimeGrid:None EditorOnly:0 RuntimeOnly:0 HLODRelevant:1 FolderPath:StaticMesh FolderGuid:FC7147CD412ED572146E538F772DB221
 |   |   |- [+] [  2]
 |   |   |   |- Guid:B6D3B7BB428B9CAE40621C89F1E99D56 BaseClass: NativeClass:/Script/Engine.StaticMeshActor Name:StaticMeshActor_UAID_D8BBC18A605A75A301_1618368882 Label:tile SpatiallyLoaded:1 Bounds:IsValid=true, Min=(X=90.000 Y=310.000 Z=-9.000), Max=(X=490.000 Y=710.000 Z=1.000) RuntimeGrid:None EditorOnly:0 RuntimeOnly:0 HLODRelevant:1 FolderPath:StaticMesh/Path FolderGuid:1961297741CC7163FA796786E7EE7648
 |   |   |- [+] [  3]
 |   |   |   |- Guid:F06C81FF47D05FB92ADCEA870353954C BaseClass: NativeClass:/Script/Engine.StaticMeshActor Name:StaticMeshActor_UAID_D8BBC18A605A74A301_1612355703 Label:chr_knight SpatiallyLoaded:1 Bounds:IsValid=true, Min=(X=525.596 Y=684.112 Z=0.000), Max=(X=702.581 Y=873.423 Z=150.000) RuntimeGrid:None EditorOnly:0 RuntimeOnly:0 HLODRelevant:1 FolderPath:StaticMesh FolderGuid:FC7147CD412ED572146E538F772DB221
 |   |   |- [+] [  4]
 |   |   |   |- Guid:F5E3FEB3450C49844FD93DA8E083C8AD BaseClass: NativeClass:/Script/Engine.PostProcessVolume Name:PostProcessVolume_0 Label:PostProcessVolume SpatiallyLoaded:0 Bounds:IsValid=true, Min=(X=0.000 Y=0.000 Z=400.000), Max=(X=200.000 Y=200.000 Z=600.000) RuntimeGrid:None EditorOnly:0 RuntimeOnly:0 HLODRelevant:0 FolderPath:Lighting FolderGuid:963EC3EB4002CCE9759E2EBA541A873A
 |   |   |- [+] [  5]
 |   |   |   |- Guid:16CCDCED46D1315F80C522B749D44BB2 BaseClass: NativeClass:/Script/Engine.StaticMeshActor Name:StaticMeshActor_UAID_D8BBC18A605A76A301_1275293071 Label:leaftree4 SpatiallyLoaded:1 Bounds:IsValid=true, Min=(X=-106.200 Y=-222.000 Z=0.000), Max=(X=612.000 Y=427.800 Z=1094.400) RuntimeGrid:None EditorOnly:0 RuntimeOnly:0 HLODRelevant:1 FolderPath:StaticMesh FolderGuid:FC7147CD412ED572146E538F772DB221
 |   |   |- [+] [  6]
 |   |   |   |- Guid:18E3E6594D91E6E380531E9FBF077618 BaseClass: NativeClass:/Script/Engine.StaticMeshActor Name:StaticMeshActor_UAID_D8BBC18A605A75A301_1663276884 Label:tile3 SpatiallyLoaded:1 Bounds:IsValid=true, Min=(X=850.000 Y=310.000 Z=-9.000), Max=(X=1250.000 Y=710.000 Z=1.000) RuntimeGrid:None EditorOnly:0 RuntimeOnly:0 HLODRelevant:1 FolderPath:StaticMesh/Path FolderGuid:1961297741CC7163FA796786E7EE7648
 |   |   |- [+] [  7]
 |   |   |   |- Guid:C0E9F0044AD6043F0ACA56929C90436B BaseClass: NativeClass:/Script/Engine.StaticMeshActor Name:StaticMeshActor_UAID_D8BBC18A605A75A301_1686426889 Label:tile8 SpatiallyLoaded:1 Bounds:IsValid=true, Min=(X=1990.000 Y=310.000 Z=-9.000), Max=(X=2390.000 Y=710.000 Z=1.000) RuntimeGrid:None EditorOnly:0 RuntimeOnly:0 HLODRelevant:1 FolderPath:StaticMesh/Path FolderGuid:1961297741CC7163FA796786E7EE7648
 |   |   |- [+] [  8]
 |   |   |   |- Guid:FAEC3E0B48D26054A7EDFCA2BAB9549D BaseClass: NativeClass:/Script/Engine.StaticMeshActor Name:StaticMeshActor_UAID_D8BBC18A605A75A301_1529994880 Label:rock2 SpatiallyLoaded:1 Bounds:IsValid=true, Min=(X=178.545 Y=1000.688 Z=-0.643), Max=(X=328.145 Y=1150.288 Z=92.857) RuntimeGrid:None EditorOnly:0 RuntimeOnly:0 HLODRelevant:1 FolderPath:StaticMesh FolderGuid:FC7147CD412ED572146E538F772DB221
 |   |   |- [+] [  9]
 |   |   |   |- Guid:4D3BE93F4146AAAC8BBE79999D96D57F BaseClass: NativeClass:/Script/Engine.VolumetricCloud Name:VolumetricCloud_0 Label:VolumetricCloud SpatiallyLoaded:0 Bounds:IsValid=true, Min=(X=0.000 Y=0.000 Z=820.000), Max=(X=0.000 Y=0.000 Z=820.000) RuntimeGrid:None EditorOnly:0 RuntimeOnly:0 HLODRelevant:0 FolderPath:Lighting FolderGuid:963EC3EB4002CCE9759E2EBA541A873A
 |   |   |- [+] [ 10]
 |   |   |   |- Guid:CCFF262C46EEFFDF319E7F9539CE697E BaseClass: NativeClass:/Script/Engine.SkyAtmosphere Name:SkyAtmosphere_0 Label:SkyAtmosphere SpatiallyLoaded:0 Bounds:IsValid=true, Min=(X=0.000 Y=0.000 Z=1020.000), Max=(X=0.000 Y=0.000 Z=1020.000) RuntimeGrid:None EditorOnly:0 RuntimeOnly:0 HLODRelevant:0 FolderPath:Lighting FolderGuid:963EC3EB4002CCE9759E2EBA541A873A
 |   |   |- [+] [ 11]
 |   |   |   |- Guid:EC4E0C944CE6AC6E784BC6BB2916EA13 BaseClass: NativeClass:/Script/Engine.StaticMeshActor Name:StaticMeshActor_UAID_A4AE111137DC5EFB00_1110535423 Label:SM_SkySphere SpatiallyLoaded:0 Bounds:IsValid=true, Min=(X=-1638400.000 Y=-1638400.000 Z=-1638400.000), Max=(X=1638400.000 Y=1638400.000 Z=1638400.000) RuntimeGrid:None EditorOnly:0 RuntimeOnly:0 HLODRelevant:1 FolderPath:Lighting FolderGuid:963EC3EB4002CCE9759E2EBA541A873A
 |   |   |- [+] [ 12]
 |   |   |   |- Guid:FB8934044FAACBAA033B27AFF4274D1C BaseClass: NativeClass:/Script/Engine.StaticMeshActor Name:StaticMeshActor_UAID_D8BBC18A605A75A301_1719340890 Label:tile9 SpatiallyLoaded:1 Bounds:IsValid=true, Min=(X=1990.000 Y=1450.000 Z=-9.000), Max=(X=2390.000 Y=1850.000 Z=1.000) RuntimeGrid:None EditorOnly:0 RuntimeOnly:0 HLODRelevant:1 FolderPath:StaticMesh/Path FolderGuid:1961297741CC7163FA796786E7EE7648
 |   |   |- [+] [ 13]
 |   |   |   |- Guid:1E2741164AAA57FEC3F858A8AF0C1040 BaseClass: NativeClass:/Script/Engine.StaticMeshActor Name:StaticMeshActor_UAID_D8BBC18A605A74A301_1652483705 Label:leaftree2 SpatiallyLoaded:1 Bounds:IsValid=true, Min=(X=573.750 Y=703.375 Z=0.000), Max=(X=1195.875 Y=1266.250 Z=948.000) RuntimeGrid:None EditorOnly:0 RuntimeOnly:0 HLODRelevant:1 FolderPath:StaticMesh FolderGuid:FC7147CD412ED572146E538F772DB221
 |   |   |- [+] [ 14]
 |   |   |   |- Guid:B785ED2844B84CFB91E7F39FE661CD99 BaseClass: NativeClass:/Script/Engine.DirectionalLight Name:DirectionalLight_0 Label:DirectionalLight SpatiallyLoaded:0 Bounds:IsValid=true, Min=(X=-1048576.000 Y=-1048576.000 Z=-1048576.000), Max=(X=1048576.000 Y=1048576.000 Z=1048576.000) RuntimeGrid:None EditorOnly:0 RuntimeOnly:0 HLODRelevant:0 FolderPath:Lighting FolderGuid:963EC3EB4002CCE9759E2EBA541A873A
 |   |   |- [+] [ 15]
 |   |   |   |- Guid:316CF2A6494ACA4C0E4180A87D36AB8F BaseClass: NativeClass:/Script/Engine.ExponentialHeightFog Name:ExponentialHeightFog_0 Label:ExponentialHeightFog SpatiallyLoaded:0 Bounds:IsValid=true, Min=(X=-5600.000 Y=-50.000 Z=-6850.000), Max=(X=-5600.000 Y=-50.000 Z=-6850.000) RuntimeGrid:None EditorOnly:0 RuntimeOnly:0 HLODRelevant:0 FolderPath:Lighting FolderGuid:963EC3EB4002CCE9759E2EBA541A873A
 |   |   |- [+] [ 16]
 |   |   |   |- Guid:07F6757E45239DD995C50A9A521E2C71 BaseClass: NativeClass:/Script/Engine.StaticMeshActor Name:StaticMeshActor_UAID_D8BBC18A605A75A301_1719340891 Label:tile10 SpatiallyLoaded:1 Bounds:IsValid=true, Min=(X=1990.000 Y=1070.000 Z=-9.000), Max=(X=2390.000 Y=1470.000 Z=1.000) RuntimeGrid:None EditorOnly:0 RuntimeOnly:0 HLODRelevant:1 FolderPath:StaticMesh/Path FolderGuid:1961297741CC7163FA796786E7EE7648
 |   |   |- [+] [ 17]
 |   |   |   |- Guid:7EEDD50345FF0C11A09591B3C81F365F BaseClass: NativeClass:/Script/Engine.StaticMeshActor Name:StaticMeshActor_UAID_D8BBC18A605A75A301_1652294883 Label:tile2 SpatiallyLoaded:1 Bounds:IsValid=true, Min=(X=470.000 Y=310.000 Z=-9.000), Max=(X=870.000 Y=710.000 Z=1.000) RuntimeGrid:None EditorOnly:0 RuntimeOnly:0 HLODRelevant:1 FolderPath:StaticMesh/Path FolderGuid:1961297741CC7163FA796786E7EE7648
 |   |   |- [+] [ 18]
 |   |   |   |- Guid:F0F7C0C94AA7EA34E7EEEDA1E270D00F BaseClass: NativeClass:/Script/Engine.StaticMeshActor Name:StaticMeshActor_UAID_D8BBC18A605A75A301_1663277885 Label:tile4 SpatiallyLoaded:1 Bounds:IsValid=true, Min=(X=1230.000 Y=310.000 Z=-9.000), Max=(X=1630.000 Y=710.000 Z=1.000) RuntimeGrid:None EditorOnly:0 RuntimeOnly:0 HLODRelevant:1 FolderPath:StaticMesh/Path FolderGuid:1961297741CC7163FA796786E7EE7648
 |   |   |- [+] [ 19]
 |   |   |   |- Guid:11636B154B9650945C9A25B206406C75 BaseClass: NativeClass:/Script/Engine.StaticMeshActor Name:StaticMeshActor_UAID_D8BBC18A605A74A301_1632562704 Label:leaftree SpatiallyLoaded:1 Bounds:IsValid=true, Min=(X=316.550 Y=802.450 Z=0.000), Max=(X=640.500 Y=1160.500 Z=545.600) RuntimeGrid:None EditorOnly:0 RuntimeOnly:0 HLODRelevant:1 FolderPath:StaticMesh FolderGuid:FC7147CD412ED572146E538F772DB221
 |   |   |- [+] [ 20]
 |   |   |   |- Guid:2FB58999456391D349DC0F86DAC136ED BaseClass: NativeClass:/Script/Engine.SkyLight Name:SkyLight_1 Label:SkyLight SpatiallyLoaded:0 Bounds:IsValid=true, Min=(X=0.000 Y=0.000 Z=690.000), Max=(X=0.000 Y=0.000 Z=690.000) RuntimeGrid:None EditorOnly:0 RuntimeOnly:0 HLODRelevant:0 FolderPath:Lighting FolderGuid:963EC3EB4002CCE9759E2EBA541A873A
 |   |   |- [+] [ 21]
 |   |   |   |- Guid:79C9FFD0438ECC4DBDB805AAF2609B41 BaseClass: NativeClass:/Script/Engine.StaticMeshActor Name:StaticMeshActor_UAID_D8BBC18A605A75A301_1540988881 Label:rock3 SpatiallyLoaded:1 Bounds:IsValid=true, Min=(X=219.000 Y=1259.000 Z=0.000), Max=(X=1621.000 Y=2661.000 Z=876.250) RuntimeGrid:None EditorOnly:0 RuntimeOnly:0 HLODRelevant:1 FolderPath:StaticMesh FolderGuid:FC7147CD412ED572146E538F772DB221
 |   |   |- [+] [ 22]
 |   |   |   |- Guid:B019F05947259B22BB5BE4BE4F00699C BaseClass: NativeClass:/Script/Engine.StaticMeshActor Name:StaticMeshActor_UAID_D8BBC18A605A75A301_1524266879 Label:rock SpatiallyLoaded:1 Bounds:IsValid=true, Min=(X=650.000 Y=840.000 Z=0.000), Max=(X=730.000 Y=920.000 Z=50.000) RuntimeGrid:None EditorOnly:0 RuntimeOnly:0 HLODRelevant:1 FolderPath:StaticMesh FolderGuid:FC7147CD412ED572146E538F772DB221
 |   |   |- [+] [ 23]
 |   |   |   |- Guid:6B59B3874CA66BA9678D758AA665999E BaseClass: NativeClass:/Script/Engine.StaticMeshActor Name:StaticMeshActor_UAID_D8BBC18A605A74A301_1676765706 Label:leaftree3 SpatiallyLoaded:1 Bounds:IsValid=true, Min=(X=592.450 Y=-40.500 Z=0.000), Max=(X=950.500 Y=283.450 Z=545.600) RuntimeGrid:None EditorOnly:0 RuntimeOnly:0 HLODRelevant:1 FolderPath:StaticMesh FolderGuid:FC7147CD412ED572146E538F772DB221
 |   |   |- [+] [ 24]
 |   |   |   |- Guid:789A00834BBBC99C4931E4B150EAE82F BaseClass: NativeClass:/Script/Engine.StaticMeshActor Name:StaticMeshActor_UAID_D8BBC18A605A75A301_1731042893 Label:tile12 SpatiallyLoaded:1 Bounds:IsValid=true, Min=(X=1990.000 Y=1830.000 Z=-9.000), Max=(X=2390.000 Y=2230.000 Z=1.000) RuntimeGrid:None EditorOnly:0 RuntimeOnly:0 HLODRelevant:1 FolderPath:StaticMesh/Path FolderGuid:1961297741CC7163FA796786E7EE7648
 |   |   |- [+] [ 25]
 |   |   |   |- Guid:3EC5A5BC4CB64D61F4BCB3A9DEBBB802 BaseClass: NativeClass:/Script/Engine.StaticMeshActor Name:StaticMeshActor_UAID_D8BBC18A605A75A301_1671914886 Label:tile5 SpatiallyLoaded:1 Bounds:IsValid=true, Min=(X=1610.000 Y=310.000 Z=-9.000), Max=(X=2010.000 Y=710.000 Z=1.000) RuntimeGrid:None EditorOnly:0 RuntimeOnly:0 HLODRelevant:1 FolderPath:StaticMesh/Path FolderGuid:1961297741CC7163FA796786E7EE7648
 |   |   |- [+] [ 26]
 |   |   |   |- Guid:E8E94470462E5816B3BB5DB69249B1F8 BaseClass: NativeClass:/Script/Engine.StaticMeshActor Name:StaticMeshActor_UAID_D8BBC18A605A75A301_1671915887 Label:tile6 SpatiallyLoaded:1 Bounds:IsValid=true, Min=(X=1990.000 Y=310.000 Z=-9.000), Max=(X=2390.000 Y=710.000 Z=1.000) RuntimeGrid:None EditorOnly:0 RuntimeOnly:0 HLODRelevant:1 FolderPath:StaticMesh/Path FolderGuid:1961297741CC7163FA796786E7EE7648
 |   |   |- [+] [ 27]
 |   |   |   |- Guid:8695DC764C2F4880DB0571B1A20A3987 BaseClass: NativeClass:/Script/Engine.StaticMeshActor Name:StaticMeshActor_UAID_D8BBC18A605A23A301_1862847448 Label:ground SpatiallyLoaded:1 Bounds:IsValid=true, Min=(X=90.000 Y=-70.000 Z=-490.000), Max=(X=2890.000 Y=2730.000 Z=-0.000) RuntimeGrid:None EditorOnly:0 RuntimeOnly:0 HLODRelevant:1 FolderPath:StaticMesh FolderGuid:FC7147CD412ED572146E538F772DB221
 |   |   |- [+] [ 28]
 |   |   |   |- Guid:3A00AA1C422CE54C0BDB60BAF471BFBB BaseClass: NativeClass:/Script/Engine.PlayerStart Name:PlayerStart_0 Label:PlayerStart SpatiallyLoaded:0 Bounds:IsValid=true, Min=(X=258.334 Y=471.753 Z=4.297), Max=(X=338.334 Y=551.753 Z=188.297) RuntimeGrid:None EditorOnly:0 RuntimeOnly:0 HLODRelevant:0
 |   |   |- [+] [ 29]
 |   |   |   |- Guid:9E3CFAEA452AD567B60E13BEA46B5FC1 BaseClass: NativeClass:/Script/Engine.StaticMeshActor Name:StaticMeshActor_UAID_D8BBC18A605A75A301_1686425888 Label:tile7 SpatiallyLoaded:1 Bounds:IsValid=true, Min=(X=1990.000 Y=690.000 Z=-9.000), Max=(X=2390.000 Y=1090.000 Z=1.000) RuntimeGrid:None EditorOnly:0 RuntimeOnly:0 HLODRelevant:1 FolderPath:StaticMesh/Path FolderGuid:1961297741CC7163FA796786E7EE7648
 |   |   |- [+] [ 30]
 |   |   |   |- Guid:80958CCC41891E97065E8B98DD2B7E0F BaseClass: NativeClass:/Script/Engine.StaticMeshActor Name:StaticMeshActor_UAID_D8BBC18A605A77A301_1355233234 Label:bush_purple3 SpatiallyLoaded:1 Bounds:IsValid=true, Min=(X=359.150 Y=1253.700 Z=0.000), Max=(X=517.200 Y=1395.400 Z=147.150) RuntimeGrid:None EditorOnly:0 RuntimeOnly:0 HLODRelevant:1 FolderPath:StaticMesh FolderGuid:FC7147CD412ED572146E538F772DB221
 |   |   |- [+] [ 31]
 |   |   |   |- Guid:05CCE48241A50128D69A3C8F23B6FA9F BaseClass: NativeClass:/Script/Engine.StaticMeshActor Name:StaticMeshActor_UAID_D8BBC18A605A77A301_1288152231 Label:bush_white SpatiallyLoaded:1 Bounds:IsValid=true, Min=(X=1294.800 Y=1223.600 Z=0.000), Max=(X=1503.600 Y=1410.800 Z=194.400) RuntimeGrid:None EditorOnly:0 RuntimeOnly:0 HLODRelevant:1 FolderPath:StaticMesh FolderGuid:FC7147CD412ED572146E538F772DB221
 |   |   |- [+] [ 32]
 |   |   |   |- Guid:7F2BF906465C87B5EBC5A693C06981BD BaseClass: NativeClass:/Script/Engine.StaticMeshActor Name:StaticMeshActor_UAID_D8BBC18A605A77A301_1315118233 Label:bush_purple2 SpatiallyLoaded:1 Bounds:IsValid=true, Min=(X=201.700 Y=1192.600 Z=0.000), Max=(X=465.600 Y=1429.200 Z=245.700) RuntimeGrid:None EditorOnly:0 RuntimeOnly:0 HLODRelevant:1 FolderPath:StaticMesh FolderGuid:FC7147CD412ED572146E538F772DB221
 |   |   |- [+] [ 33]
 |   |   |   |- Guid:2C57B3CE460D34915E3E488F63F4D13D BaseClass: NativeClass:/Script/Engine.StaticMeshActor Name:StaticMeshActor_UAID_D8BBC18A605A77A301_1301283232 Label:bush_purple SpatiallyLoaded:1 Bounds:IsValid=true, Min=(X=249.150 Y=1123.700 Z=0.000), Max=(X=407.200 Y=1265.400 Z=147.150) RuntimeGrid:None EditorOnly:0 RuntimeOnly:0 HLODRelevant:1 FolderPath:StaticMesh FolderGuid:FC7147CD412ED572146E538F772DB221
 |   |   |- [+] [ 34]
 |   |   |   |- Guid:04F6C493479BF3618AD97CA409802221 BaseClass: NativeClass:/Script/Engine.StaticMeshActor Name:StaticMeshActor_UAID_D8BBC18A605A78A301_1420653412 Label:bush_white2 SpatiallyLoaded:1 Bounds:IsValid=true, Min=(X=1370.000 Y=1440.000 Z=0.000), Max=(X=1660.000 Y=1700.000 Z=270.000) RuntimeGrid:None EditorOnly:0 RuntimeOnly:0 HLODRelevant:1 FolderPath:StaticMesh FolderGuid:FC7147CD412ED572146E538F772DB221
 |   |   |- [+] [ 35]
 |   |   |   |- Guid:5D25286D4C00B7CB17337083417F3569 BaseClass: NativeClass:/Script/Engine.StaticMeshActor Name:StaticMeshActor_UAID_D8BBC18A605A78A301_1361595411 Label:pond SpatiallyLoaded:1 Bounds:IsValid=true, Min=(X=1217.500 Y=812.500 Z=0.000), Max=(X=1930.000 Y=1532.500 Z=150.000) RuntimeGrid:None EditorOnly:0 RuntimeOnly:0 HLODRelevant:1
 |- ContainerInstances:
 |- [+] MainContainer:
 |   |-        ID: 0x0000000000000000
 |   |-    Bounds: IsValid=false, Min=(X=0.000 Y=0.000 Z=0.000), Max=(X=0.000 Y=0.000 Z=0.000)
 |   |- Transform: 0.000000,0.000000,0.000000|0.000000,0.000000,-0.000000|1.000000,1.000000,1.000000
 |   |- Container: /Game/ThirdPerson/Maps/ThirdPersonMap
----------------------------------------------------------------------------------------------------------------
ThirdPersonMap - Persistent Level
----------------------------------------------------------------------------------------------------------------
Always loaded Actor Count: 43 

----------------------------------------------------------------------------------------------------------------
ThirdPersonMap - Runtime Spatial Hash - Streaming Grid - MainGrid
----------------------------------------------------------------------------------------------------------------
            Origin: X=0.000 Y=0.000 Z=0.000
         Cell Size: 12800
      World Bounds: IsValid=false, Min=(X=0.000 Y=0.000 Z=0.000), Max=(X=0.000 Y=0.000 Z=0.000)
     Loading Range: 25600.00
Block Slow Loading: No
 ClientOnlyVisible: No

[+] Grid Levels: 1
 |- Level  0: Cell Count    0 | Cell Size   12800 | Actor Count    0 (0.0%)

[+] Content of Grid Level 0

